2024-05-04T15:09:09.300+05:30  INFO 9192 --- [ibm-springboot2-demo] [http-nio-9090-exec-2] c.i.s.demo.aspect.EmployeeServiceAspect  : a method was invoked from before Service Aspect
2024-05-04T15:09:09.311+05:30  INFO 9192 --- [ibm-springboot2-demo] [http-nio-9090-exec-2] c.i.s.demo.service.EmployeeServiceImpl   : getAllEmployees
2024-05-04T15:09:09.607+05:30  INFO 9192 --- [ibm-springboot2-demo] [http-nio-9090-exec-2] c.i.s.demo.aspect.EmployeeServiceAspect  : Data returned successfully
2024-05-04T15:09:09.607+05:30  INFO 9192 --- [ibm-springboot2-demo] [http-nio-9090-exec-2] c.i.s.demo.aspect.EmployeeServiceAspect  : a method was invoked from Service Aspect
2024-05-04T15:09:39.019+05:30  INFO 9192 --- [ibm-springboot2-demo] [http-nio-9090-exec-4] c.i.s.demo.aspect.EmployeeServiceAspect  : a method was invoked from before Service Aspect
2024-05-04T15:09:39.045+05:30  INFO 9192 --- [ibm-springboot2-demo] [http-nio-9090-exec-4] c.i.s.demo.aspect.EmployeeServiceAspect  : Data returned successfully
2024-05-04T15:09:39.046+05:30  INFO 9192 --- [ibm-springboot2-demo] [http-nio-9090-exec-4] c.i.s.demo.aspect.EmployeeServiceAspect  : a method was invoked from Service Aspect
2024-05-04T17:03:12.316+05:30  INFO 9192 --- [ibm-springboot2-demo] [http-nio-9090-exec-9] c.i.s.demo.aspect.EmployeeServiceAspect  : a method was invoked from before Service Aspect
2024-05-04T17:03:12.319+05:30  INFO 9192 --- [ibm-springboot2-demo] [http-nio-9090-exec-9] c.i.s.demo.service.EmployeeServiceImpl   : getAllEmployees
2024-05-04T17:03:12.341+05:30  INFO 9192 --- [ibm-springboot2-demo] [http-nio-9090-exec-9] c.i.s.demo.aspect.EmployeeServiceAspect  : Data returned successfully
2024-05-04T17:03:12.342+05:30  INFO 9192 --- [ibm-springboot2-demo] [http-nio-9090-exec-9] c.i.s.demo.aspect.EmployeeServiceAspect  : a method was invoked from Service Aspect
2024-05-04T17:05:58.162+05:30  INFO 9192 --- [ibm-springboot2-demo] [http-nio-9090-exec-7] c.i.s.demo.aspect.EmployeeServiceAspect  : a method was invoked from before Service Aspect
2024-05-04T17:05:58.163+05:30  INFO 9192 --- [ibm-springboot2-demo] [http-nio-9090-exec-7] c.i.s.demo.service.EmployeeServiceImpl   : getAllEmployees
2024-05-04T17:05:58.179+05:30  INFO 9192 --- [ibm-springboot2-demo] [http-nio-9090-exec-7] c.i.s.demo.aspect.EmployeeServiceAspect  : Data returned successfully
2024-05-04T17:05:58.179+05:30  INFO 9192 --- [ibm-springboot2-demo] [http-nio-9090-exec-7] c.i.s.demo.aspect.EmployeeServiceAspect  : a method was invoked from Service Aspect
2024-05-04T17:06:09.423+05:30  INFO 9192 --- [ibm-springboot2-demo] [http-nio-9090-exec-9] c.i.s.demo.aspect.EmployeeServiceAspect  : a method was invoked from before Service Aspect
2024-05-04T17:06:09.424+05:30  INFO 9192 --- [ibm-springboot2-demo] [http-nio-9090-exec-9] c.i.s.demo.service.EmployeeServiceImpl   : getAllEmployees
2024-05-04T17:06:09.432+05:30  INFO 9192 --- [ibm-springboot2-demo] [http-nio-9090-exec-9] c.i.s.demo.aspect.EmployeeServiceAspect  : Data returned successfully
2024-05-04T17:06:09.432+05:30  INFO 9192 --- [ibm-springboot2-demo] [http-nio-9090-exec-9] c.i.s.demo.aspect.EmployeeServiceAspect  : a method was invoked from Service Aspect
2024-05-04T17:07:05.242+05:30  INFO 9192 --- [ibm-springboot2-demo] [RMI TCP Connection(175)-127.0.0.1] inMXBeanRegistrar$SpringApplicationAdmin : Application shutdown requested.
2024-05-04T18:09:15.217+05:30  INFO 30332 --- [ibm-springboot2-demo] [restartedMain] com.ibm.springboot.demo.App              : Starting App using Java 17.0.10 with PID 30332 (C:\Users\KartikKatiyar\Documents\workspace-spring-tool-suite-4-4.22.0.RELEASE\ibm-springboot2-demo\target\classes started by KartikKatiyar in C:\Users\KartikKatiyar\Documents\workspace-spring-tool-suite-4-4.22.0.RELEASE\ibm-springboot2-demo)
2024-05-04T18:09:15.220+05:30  INFO 30332 --- [ibm-springboot2-demo] [restartedMain] com.ibm.springboot.demo.App              : No active profile set, falling back to 1 default profile: "default"
2024-05-04T18:09:15.297+05:30  INFO 30332 --- [ibm-springboot2-demo] [restartedMain] .e.DevToolsPropertyDefaultsPostProcessor : Devtools property defaults active! Set 'spring.devtools.add-properties' to 'false' to disable
2024-05-04T18:09:15.297+05:30  INFO 30332 --- [ibm-springboot2-demo] [restartedMain] .e.DevToolsPropertyDefaultsPostProcessor : For additional web related logging consider setting the 'logging.level.web' property to 'DEBUG'
2024-05-04T18:09:16.955+05:30  INFO 30332 --- [ibm-springboot2-demo] [restartedMain] .s.d.r.c.RepositoryConfigurationDelegate : Bootstrapping Spring Data MongoDB repositories in DEFAULT mode.
2024-05-04T18:09:17.031+05:30  INFO 30332 --- [ibm-springboot2-demo] [restartedMain] .s.d.r.c.RepositoryConfigurationDelegate : Finished Spring Data repository scanning in 69 ms. Found 2 MongoDB repository interfaces.
2024-05-04T18:09:18.068+05:30  INFO 30332 --- [ibm-springboot2-demo] [restartedMain] o.s.b.w.embedded.tomcat.TomcatWebServer  : Tomcat initialized with port 9090 (http)
2024-05-04T18:09:18.086+05:30  INFO 30332 --- [ibm-springboot2-demo] [restartedMain] o.apache.catalina.core.StandardService   : Starting service [Tomcat]
2024-05-04T18:09:18.087+05:30  INFO 30332 --- [ibm-springboot2-demo] [restartedMain] o.apache.catalina.core.StandardEngine    : Starting Servlet engine: [Apache Tomcat/10.1.19]
2024-05-04T18:09:18.165+05:30  INFO 30332 --- [ibm-springboot2-demo] [restartedMain] o.a.c.c.C.[Tomcat].[localhost].[/]       : Initializing Spring embedded WebApplicationContext
2024-05-04T18:09:18.167+05:30  INFO 30332 --- [ibm-springboot2-demo] [restartedMain] w.s.c.ServletWebServerApplicationContext : Root WebApplicationContext: initialization completed in 2870 ms
2024-05-04T18:09:18.493+05:30  INFO 30332 --- [ibm-springboot2-demo] [restartedMain] f.a.AutowiredAnnotationBeanPostProcessor : Autowired annotation is not supported on static fields: private static final org.slf4j.Logger com.ibm.springboot.demo.App.LOG
2024-05-04T18:09:18.792+05:30  INFO 30332 --- [ibm-springboot2-demo] [restartedMain] org.mongodb.driver.client                : MongoClient with metadata {"driver": {"name": "mongo-java-driver|sync|spring-boot", "version": "4.11.1"}, "os": {"type": "Windows", "name": "Windows 11", "architecture": "amd64", "version": "10.0"}, "platform": "Java/Eclipse Adoptium/17.0.10+7"} created with settings MongoClientSettings{readPreference=primary, writeConcern=WriteConcern{w=null, wTimeout=null ms, journal=null}, retryWrites=true, retryReads=true, readConcern=ReadConcern{level=null}, credential=null, transportSettings=null, streamFactoryFactory=null, commandListeners=[io.micrometer.core.instrument.binder.mongodb.MongoMetricsCommandListener@d823184], codecRegistry=ProvidersCodecRegistry{codecProviders=[ValueCodecProvider{}, BsonValueCodecProvider{}, DBRefCodecProvider{}, DBObjectCodecProvider{}, DocumentCodecProvider{}, CollectionCodecProvider{}, IterableCodecProvider{}, MapCodecProvider{}, GeoJsonCodecProvider{}, GridFSFileCodecProvider{}, Jsr310CodecProvider{}, JsonObjectCodecProvider{}, BsonCodecProvider{}, EnumCodecProvider{}, com.mongodb.client.model.mql.ExpressionCodecProvider@3b7fe531, com.mongodb.Jep395RecordCodecProvider@13c71990, com.mongodb.KotlinCodecProvider@5dda91f8]}, loggerSettings=LoggerSettings{maxDocumentLength=1000}, clusterSettings={hosts=[localhost:27017], srvServiceName=mongodb, mode=SINGLE, requiredClusterType=UNKNOWN, requiredReplicaSetName='null', serverSelector='null', clusterListeners='[]', serverSelectionTimeout='30000 ms', localThreshold='15 ms'}, socketSettings=SocketSettings{connectTimeoutMS=10000, readTimeoutMS=0, receiveBufferSize=0, proxySettings=ProxySettings{host=null, port=null, username=null, password=null}}, heartbeatSocketSettings=SocketSettings{connectTimeoutMS=10000, readTimeoutMS=10000, receiveBufferSize=0, proxySettings=ProxySettings{host=null, port=null, username=null, password=null}}, connectionPoolSettings=ConnectionPoolSettings{maxSize=100, minSize=0, maxWaitTimeMS=120000, maxConnectionLifeTimeMS=0, maxConnectionIdleTimeMS=0, maintenanceInitialDelayMS=0, maintenanceFrequencyMS=60000, connectionPoolListeners=[io.micrometer.core.instrument.binder.mongodb.MongoMetricsConnectionPoolListener@414895d6], maxConnecting=2}, serverSettings=ServerSettings{heartbeatFrequencyMS=10000, minHeartbeatFrequencyMS=500, serverListeners='[]', serverMonitorListeners='[]'}, sslSettings=SslSettings{enabled=false, invalidHostNameAllowed=false, context=null}, applicationName='null', compressorList=[], uuidRepresentation=JAVA_LEGACY, serverApi=null, autoEncryptionSettings=null, dnsClient=null, inetAddressResolver=null, contextProvider=null}
2024-05-04T18:09:18.808+05:30  INFO 30332 --- [ibm-springboot2-demo] [cluster-ClusterId{value='66362c76aacb49367e4acb45', description='null'}-localhost:27017] org.mongodb.driver.cluster               : Monitor thread successfully connected to server with description ServerDescription{address=localhost:27017, type=STANDALONE, state=CONNECTED, ok=true, minWireVersion=0, maxWireVersion=21, maxDocumentSize=16777216, logicalSessionTimeoutMinutes=30, roundTripTimeNanos=29513000}
2024-05-04T18:09:19.155+05:30  INFO 30332 --- [ibm-springboot2-demo] [restartedMain] o.s.b.d.a.OptionalLiveReloadServer       : LiveReload server is running on port 35729
2024-05-04T18:09:20.242+05:30  INFO 30332 --- [ibm-springboot2-demo] [restartedMain] o.s.b.a.w.s.WelcomePageHandlerMapping    : Adding welcome page template: index
2024-05-04T18:09:22.052+05:30  INFO 30332 --- [ibm-springboot2-demo] [restartedMain] o.s.b.a.e.web.EndpointLinksResolver      : Exposing 15 endpoint(s) beneath base path '/actuator'
2024-05-04T18:09:22.193+05:30  INFO 30332 --- [ibm-springboot2-demo] [restartedMain] o.s.b.w.embedded.tomcat.TomcatWebServer  : Tomcat started on port 9090 (http) with context path ''
2024-05-04T18:09:22.218+05:30  INFO 30332 --- [ibm-springboot2-demo] [restartedMain] com.ibm.springboot.demo.App              : Started App in 7.546 seconds (process running for 13.2)
2024-05-04T18:09:23.492+05:30  INFO 30332 --- [ibm-springboot2-demo] [RMI TCP Connection(3)-127.0.0.1] o.a.c.c.C.[Tomcat].[localhost].[/]       : Initializing Spring DispatcherServlet 'dispatcherServlet'
2024-05-04T18:09:23.492+05:30  INFO 30332 --- [ibm-springboot2-demo] [RMI TCP Connection(3)-127.0.0.1] o.s.web.servlet.DispatcherServlet        : Initializing Servlet 'dispatcherServlet'
2024-05-04T18:09:23.494+05:30  INFO 30332 --- [ibm-springboot2-demo] [RMI TCP Connection(3)-127.0.0.1] o.s.web.servlet.DispatcherServlet        : Completed initialization in 1 ms
2024-05-04T18:10:22.138+05:30  INFO 30332 --- [ibm-springboot2-demo] [http-nio-9090-exec-3] c.i.s.demo.aspect.EmployeeServiceAspect  : a method was invoked from before Service Aspect
2024-05-04T18:10:22.139+05:30  INFO 30332 --- [ibm-springboot2-demo] [http-nio-9090-exec-3] c.i.s.demo.service.EmployeeServiceImpl   : getAllEmployees
2024-05-04T18:10:22.414+05:30  INFO 30332 --- [ibm-springboot2-demo] [http-nio-9090-exec-3] c.i.s.demo.aspect.EmployeeServiceAspect  : Data returned successfully
2024-05-04T18:10:22.414+05:30  INFO 30332 --- [ibm-springboot2-demo] [http-nio-9090-exec-3] c.i.s.demo.aspect.EmployeeServiceAspect  : a method was invoked from Service Aspect
2024-05-04T18:10:42.082+05:30  INFO 30332 --- [ibm-springboot2-demo] [http-nio-9090-exec-5] c.i.s.demo.aspect.EmployeeServiceAspect  : a method was invoked from before Service Aspect
2024-05-04T18:10:42.082+05:30  INFO 30332 --- [ibm-springboot2-demo] [http-nio-9090-exec-5] c.i.s.demo.service.EmployeeServiceImpl   : 6628d3ed67b408200cd1160e
2024-05-04T18:10:42.303+05:30  INFO 30332 --- [ibm-springboot2-demo] [http-nio-9090-exec-5] c.i.s.demo.aspect.EmployeeServiceAspect  : Data returned successfully
2024-05-04T18:10:42.304+05:30  INFO 30332 --- [ibm-springboot2-demo] [http-nio-9090-exec-5] c.i.s.demo.aspect.EmployeeServiceAspect  : a method was invoked from Service Aspect
2024-05-04T18:11:07.053+05:30  INFO 30332 --- [ibm-springboot2-demo] [http-nio-9090-exec-6] c.i.s.demo.aspect.EmployeeServiceAspect  : a method was invoked from before Service Aspect
2024-05-04T18:11:07.054+05:30  INFO 30332 --- [ibm-springboot2-demo] [http-nio-9090-exec-6] c.i.s.demo.service.EmployeeServiceImpl   : getAllEmployees
2024-05-04T18:11:07.069+05:30  INFO 30332 --- [ibm-springboot2-demo] [http-nio-9090-exec-6] c.i.s.demo.aspect.EmployeeServiceAspect  : Data returned successfully
2024-05-04T18:11:07.069+05:30  INFO 30332 --- [ibm-springboot2-demo] [http-nio-9090-exec-6] c.i.s.demo.aspect.EmployeeServiceAspect  : a method was invoked from Service Aspect
2024-05-04T18:33:56.924+05:30  INFO 30332 --- [ibm-springboot2-demo] [File Watcher] rtingClassPathChangeChangedEventListener : Restarting due to 1 class path change (0 additions, 0 deletions, 1 modification)
2024-05-04T18:33:57.071+05:30  INFO 30332 --- [ibm-springboot2-demo] [restartedMain] com.ibm.springboot.demo.App              : Starting.....
2024-05-04T18:33:57.072+05:30  WARN 30332 --- [ibm-springboot2-demo] [restartedMain] com.ibm.springboot.demo.App              : It's a warning........
2024-05-04T18:33:57.072+05:30 ERROR 30332 --- [ibm-springboot2-demo] [restartedMain] com.ibm.springboot.demo.App              : It's an error.........
2024-05-04T18:33:57.130+05:30  INFO 30332 --- [ibm-springboot2-demo] [restartedMain] com.ibm.springboot.demo.App              : Starting App using Java 17.0.10 with PID 30332 (C:\Users\KartikKatiyar\Documents\workspace-spring-tool-suite-4-4.22.0.RELEASE\ibm-springboot2-demo\target\classes started by KartikKatiyar in C:\Users\KartikKatiyar\Documents\workspace-spring-tool-suite-4-4.22.0.RELEASE\ibm-springboot2-demo)
2024-05-04T18:33:57.131+05:30  INFO 30332 --- [ibm-springboot2-demo] [restartedMain] com.ibm.springboot.demo.App              : No active profile set, falling back to 1 default profile: "default"
2024-05-04T18:33:57.700+05:30  INFO 30332 --- [ibm-springboot2-demo] [restartedMain] .s.d.r.c.RepositoryConfigurationDelegate : Bootstrapping Spring Data MongoDB repositories in DEFAULT mode.
2024-05-04T18:33:57.725+05:30  INFO 30332 --- [ibm-springboot2-demo] [restartedMain] .s.d.r.c.RepositoryConfigurationDelegate : Finished Spring Data repository scanning in 23 ms. Found 2 MongoDB repository interfaces.
2024-05-04T18:33:58.027+05:30  INFO 30332 --- [ibm-springboot2-demo] [restartedMain] o.s.b.w.embedded.tomcat.TomcatWebServer  : Tomcat initialized with port 9090 (http)
2024-05-04T18:33:58.028+05:30  INFO 30332 --- [ibm-springboot2-demo] [restartedMain] o.apache.catalina.core.StandardService   : Starting service [Tomcat]
2024-05-04T18:33:58.028+05:30  INFO 30332 --- [ibm-springboot2-demo] [restartedMain] o.apache.catalina.core.StandardEngine    : Starting Servlet engine: [Apache Tomcat/10.1.19]
2024-05-04T18:33:58.056+05:30  INFO 30332 --- [ibm-springboot2-demo] [restartedMain] o.a.c.c.C.[Tomcat].[localhost].[/]       : Initializing Spring embedded WebApplicationContext
2024-05-04T18:33:58.056+05:30  INFO 30332 --- [ibm-springboot2-demo] [restartedMain] w.s.c.ServletWebServerApplicationContext : Root WebApplicationContext: initialization completed in 922 ms
2024-05-04T18:33:58.210+05:30  INFO 30332 --- [ibm-springboot2-demo] [restartedMain] f.a.AutowiredAnnotationBeanPostProcessor : Autowired annotation is not supported on static fields: private static final org.slf4j.Logger com.ibm.springboot.demo.App.LOG
2024-05-04T18:33:58.323+05:30  INFO 30332 --- [ibm-springboot2-demo] [restartedMain] org.mongodb.driver.client                : MongoClient with metadata {"driver": {"name": "mongo-java-driver|sync|spring-boot", "version": "4.11.1"}, "os": {"type": "Windows", "name": "Windows 11", "architecture": "amd64", "version": "10.0"}, "platform": "Java/Eclipse Adoptium/17.0.10+7"} created with settings MongoClientSettings{readPreference=primary, writeConcern=WriteConcern{w=null, wTimeout=null ms, journal=null}, retryWrites=true, retryReads=true, readConcern=ReadConcern{level=null}, credential=null, transportSettings=null, streamFactoryFactory=null, commandListeners=[io.micrometer.core.instrument.binder.mongodb.MongoMetricsCommandListener@51a73b67], codecRegistry=ProvidersCodecRegistry{codecProviders=[ValueCodecProvider{}, BsonValueCodecProvider{}, DBRefCodecProvider{}, DBObjectCodecProvider{}, DocumentCodecProvider{}, CollectionCodecProvider{}, IterableCodecProvider{}, MapCodecProvider{}, GeoJsonCodecProvider{}, GridFSFileCodecProvider{}, Jsr310CodecProvider{}, JsonObjectCodecProvider{}, BsonCodecProvider{}, EnumCodecProvider{}, com.mongodb.client.model.mql.ExpressionCodecProvider@3b7fe531, com.mongodb.Jep395RecordCodecProvider@13c71990, com.mongodb.KotlinCodecProvider@5dda91f8]}, loggerSettings=LoggerSettings{maxDocumentLength=1000}, clusterSettings={hosts=[localhost:27017], srvServiceName=mongodb, mode=SINGLE, requiredClusterType=UNKNOWN, requiredReplicaSetName='null', serverSelector='null', clusterListeners='[]', serverSelectionTimeout='30000 ms', localThreshold='15 ms'}, socketSettings=SocketSettings{connectTimeoutMS=10000, readTimeoutMS=0, receiveBufferSize=0, proxySettings=ProxySettings{host=null, port=null, username=null, password=null}}, heartbeatSocketSettings=SocketSettings{connectTimeoutMS=10000, readTimeoutMS=10000, receiveBufferSize=0, proxySettings=ProxySettings{host=null, port=null, username=null, password=null}}, connectionPoolSettings=ConnectionPoolSettings{maxSize=100, minSize=0, maxWaitTimeMS=120000, maxConnectionLifeTimeMS=0, maxConnectionIdleTimeMS=0, maintenanceInitialDelayMS=0, maintenanceFrequencyMS=60000, connectionPoolListeners=[io.micrometer.core.instrument.binder.mongodb.MongoMetricsConnectionPoolListener@2450b96c], maxConnecting=2}, serverSettings=ServerSettings{heartbeatFrequencyMS=10000, minHeartbeatFrequencyMS=500, serverListeners='[]', serverMonitorListeners='[]'}, sslSettings=SslSettings{enabled=false, invalidHostNameAllowed=false, context=null}, applicationName='null', compressorList=[], uuidRepresentation=JAVA_LEGACY, serverApi=null, autoEncryptionSettings=null, dnsClient=null, inetAddressResolver=null, contextProvider=null}
2024-05-04T18:33:58.328+05:30  INFO 30332 --- [ibm-springboot2-demo] [cluster-ClusterId{value='6636323eaacb49367e4acb46', description='null'}-localhost:27017] org.mongodb.driver.cluster               : Monitor thread successfully connected to server with description ServerDescription{address=localhost:27017, type=STANDALONE, state=CONNECTED, ok=true, minWireVersion=0, maxWireVersion=21, maxDocumentSize=16777216, logicalSessionTimeoutMinutes=30, roundTripTimeNanos=2489400}
2024-05-04T18:33:58.440+05:30  INFO 30332 --- [ibm-springboot2-demo] [restartedMain] o.s.b.d.a.OptionalLiveReloadServer       : LiveReload server is running on port 35729
2024-05-04T18:33:59.117+05:30  INFO 30332 --- [ibm-springboot2-demo] [restartedMain] o.s.b.a.w.s.WelcomePageHandlerMapping    : Adding welcome page template: index
2024-05-04T18:34:00.102+05:30  INFO 30332 --- [ibm-springboot2-demo] [restartedMain] o.s.b.a.e.web.EndpointLinksResolver      : Exposing 15 endpoint(s) beneath base path '/actuator'
2024-05-04T18:34:00.143+05:30  INFO 30332 --- [ibm-springboot2-demo] [restartedMain] o.s.b.w.embedded.tomcat.TomcatWebServer  : Tomcat started on port 9090 (http) with context path ''
2024-05-04T18:34:00.154+05:30  INFO 30332 --- [ibm-springboot2-demo] [restartedMain] com.ibm.springboot.demo.App              : Started App in 3.074 seconds (process running for 1491.137)
2024-05-04T18:34:00.157+05:30  INFO 30332 --- [ibm-springboot2-demo] [restartedMain] .ConditionEvaluationDeltaLoggingListener : Condition evaluation unchanged
2024-05-04T18:36:31.774+05:30  INFO 30332 --- [ibm-springboot2-demo] [http-nio-9090-exec-1] o.a.c.c.C.[Tomcat].[localhost].[/]       : Initializing Spring DispatcherServlet 'dispatcherServlet'
2024-05-04T18:36:31.774+05:30  INFO 30332 --- [ibm-springboot2-demo] [http-nio-9090-exec-1] o.s.web.servlet.DispatcherServlet        : Initializing Servlet 'dispatcherServlet'
2024-05-04T18:36:31.776+05:30  INFO 30332 --- [ibm-springboot2-demo] [http-nio-9090-exec-1] o.s.web.servlet.DispatcherServlet        : Completed initialization in 2 ms
2024-05-04T18:36:31.779+05:30  INFO 30332 --- [ibm-springboot2-demo] [http-nio-9090-exec-1] c.i.s.demo.aspect.EmployeeServiceAspect  : a method was invoked from before Service Aspect
2024-05-04T18:36:31.779+05:30  INFO 30332 --- [ibm-springboot2-demo] [http-nio-9090-exec-1] c.i.s.demo.service.EmployeeServiceImpl   : getAllEmployees
2024-05-04T18:36:31.880+05:30  INFO 30332 --- [ibm-springboot2-demo] [http-nio-9090-exec-1] c.i.s.demo.aspect.EmployeeServiceAspect  : Data returned successfully
2024-05-04T18:36:31.881+05:30  INFO 30332 --- [ibm-springboot2-demo] [http-nio-9090-exec-1] c.i.s.demo.aspect.EmployeeServiceAspect  : a method was invoked from Service Aspect
2024-05-04T18:38:44.700+05:30  WARN 30332 --- [ibm-springboot2-demo] [http-nio-9090-exec-8] .w.s.m.s.DefaultHandlerExceptionResolver : Resolved [org.springframework.web.HttpRequestMethodNotSupportedException: Request method 'PUT' is not supported]
2024-05-04T18:38:48.557+05:30  INFO 30332 --- [ibm-springboot2-demo] [http-nio-9090-exec-9] c.i.s.demo.aspect.EmployeeServiceAspect  : a method was invoked from before Service Aspect
2024-05-04T18:38:48.557+05:30  INFO 30332 --- [ibm-springboot2-demo] [http-nio-9090-exec-9] c.i.s.demo.service.EmployeeServiceImpl   : getAllEmployees
2024-05-04T18:38:48.561+05:30  INFO 30332 --- [ibm-springboot2-demo] [http-nio-9090-exec-9] c.i.s.demo.aspect.EmployeeServiceAspect  : Data returned successfully
2024-05-04T18:38:48.562+05:30  INFO 30332 --- [ibm-springboot2-demo] [http-nio-9090-exec-9] c.i.s.demo.aspect.EmployeeServiceAspect  : a method was invoked from Service Aspect
2024-05-04T18:56:50.041+05:30  INFO 30332 --- [ibm-springboot2-demo] [File Watcher] rtingClassPathChangeChangedEventListener : Restarting due to 1 class path change (0 additions, 0 deletions, 1 modification)
2024-05-04T18:56:50.174+05:30  INFO 30332 --- [ibm-springboot2-demo] [restartedMain] com.ibm.springboot.demo.App              : Starting.....
2024-05-04T18:56:50.174+05:30  WARN 30332 --- [ibm-springboot2-demo] [restartedMain] com.ibm.springboot.demo.App              : It's a warning........
2024-05-04T18:56:50.174+05:30 ERROR 30332 --- [ibm-springboot2-demo] [restartedMain] com.ibm.springboot.demo.App              : It's an error.........
2024-05-04T18:56:50.232+05:30  INFO 30332 --- [ibm-springboot2-demo] [restartedMain] com.ibm.springboot.demo.App              : Starting App using Java 17.0.10 with PID 30332 (C:\Users\KartikKatiyar\Documents\workspace-spring-tool-suite-4-4.22.0.RELEASE\ibm-springboot2-demo\target\classes started by KartikKatiyar in C:\Users\KartikKatiyar\Documents\workspace-spring-tool-suite-4-4.22.0.RELEASE\ibm-springboot2-demo)
2024-05-04T18:56:50.232+05:30  INFO 30332 --- [ibm-springboot2-demo] [restartedMain] com.ibm.springboot.demo.App              : No active profile set, falling back to 1 default profile: "default"
2024-05-04T18:56:50.929+05:30  INFO 30332 --- [ibm-springboot2-demo] [restartedMain] .s.d.r.c.RepositoryConfigurationDelegate : Bootstrapping Spring Data MongoDB repositories in DEFAULT mode.
2024-05-04T18:56:50.958+05:30  INFO 30332 --- [ibm-springboot2-demo] [restartedMain] .s.d.r.c.RepositoryConfigurationDelegate : Finished Spring Data repository scanning in 27 ms. Found 2 MongoDB repository interfaces.
2024-05-04T18:56:51.250+05:30  INFO 30332 --- [ibm-springboot2-demo] [restartedMain] o.s.b.w.embedded.tomcat.TomcatWebServer  : Tomcat initialized with port 9090 (http)
2024-05-04T18:56:51.251+05:30  INFO 30332 --- [ibm-springboot2-demo] [restartedMain] o.apache.catalina.core.StandardService   : Starting service [Tomcat]
2024-05-04T18:56:51.251+05:30  INFO 30332 --- [ibm-springboot2-demo] [restartedMain] o.apache.catalina.core.StandardEngine    : Starting Servlet engine: [Apache Tomcat/10.1.19]
2024-05-04T18:56:51.291+05:30  INFO 30332 --- [ibm-springboot2-demo] [restartedMain] o.a.c.c.C.[Tomcat].[localhost].[/]       : Initializing Spring embedded WebApplicationContext
2024-05-04T18:56:51.292+05:30  INFO 30332 --- [ibm-springboot2-demo] [restartedMain] w.s.c.ServletWebServerApplicationContext : Root WebApplicationContext: initialization completed in 1057 ms
2024-05-04T18:56:51.483+05:30  INFO 30332 --- [ibm-springboot2-demo] [restartedMain] f.a.AutowiredAnnotationBeanPostProcessor : Autowired annotation is not supported on static fields: private static final org.slf4j.Logger com.ibm.springboot.demo.App.LOG
2024-05-04T18:56:51.585+05:30  INFO 30332 --- [ibm-springboot2-demo] [restartedMain] org.mongodb.driver.client                : MongoClient with metadata {"driver": {"name": "mongo-java-driver|sync|spring-boot", "version": "4.11.1"}, "os": {"type": "Windows", "name": "Windows 11", "architecture": "amd64", "version": "10.0"}, "platform": "Java/Eclipse Adoptium/17.0.10+7"} created with settings MongoClientSettings{readPreference=primary, writeConcern=WriteConcern{w=null, wTimeout=null ms, journal=null}, retryWrites=true, retryReads=true, readConcern=ReadConcern{level=null}, credential=null, transportSettings=null, streamFactoryFactory=null, commandListeners=[io.micrometer.core.instrument.binder.mongodb.MongoMetricsCommandListener@209d7944], codecRegistry=ProvidersCodecRegistry{codecProviders=[ValueCodecProvider{}, BsonValueCodecProvider{}, DBRefCodecProvider{}, DBObjectCodecProvider{}, DocumentCodecProvider{}, CollectionCodecProvider{}, IterableCodecProvider{}, MapCodecProvider{}, GeoJsonCodecProvider{}, GridFSFileCodecProvider{}, Jsr310CodecProvider{}, JsonObjectCodecProvider{}, BsonCodecProvider{}, EnumCodecProvider{}, com.mongodb.client.model.mql.ExpressionCodecProvider@3b7fe531, com.mongodb.Jep395RecordCodecProvider@13c71990, com.mongodb.KotlinCodecProvider@5dda91f8]}, loggerSettings=LoggerSettings{maxDocumentLength=1000}, clusterSettings={hosts=[localhost:27017], srvServiceName=mongodb, mode=SINGLE, requiredClusterType=UNKNOWN, requiredReplicaSetName='null', serverSelector='null', clusterListeners='[]', serverSelectionTimeout='30000 ms', localThreshold='15 ms'}, socketSettings=SocketSettings{connectTimeoutMS=10000, readTimeoutMS=0, receiveBufferSize=0, proxySettings=ProxySettings{host=null, port=null, username=null, password=null}}, heartbeatSocketSettings=SocketSettings{connectTimeoutMS=10000, readTimeoutMS=10000, receiveBufferSize=0, proxySettings=ProxySettings{host=null, port=null, username=null, password=null}}, connectionPoolSettings=ConnectionPoolSettings{maxSize=100, minSize=0, maxWaitTimeMS=120000, maxConnectionLifeTimeMS=0, maxConnectionIdleTimeMS=0, maintenanceInitialDelayMS=0, maintenanceFrequencyMS=60000, connectionPoolListeners=[io.micrometer.core.instrument.binder.mongodb.MongoMetricsConnectionPoolListener@5da8f0ab], maxConnecting=2}, serverSettings=ServerSettings{heartbeatFrequencyMS=10000, minHeartbeatFrequencyMS=500, serverListeners='[]', serverMonitorListeners='[]'}, sslSettings=SslSettings{enabled=false, invalidHostNameAllowed=false, context=null}, applicationName='null', compressorList=[], uuidRepresentation=JAVA_LEGACY, serverApi=null, autoEncryptionSettings=null, dnsClient=null, inetAddressResolver=null, contextProvider=null}
2024-05-04T18:56:51.589+05:30  INFO 30332 --- [ibm-springboot2-demo] [cluster-ClusterId{value='6636379baacb49367e4acb47', description='null'}-localhost:27017] org.mongodb.driver.cluster               : Monitor thread successfully connected to server with description ServerDescription{address=localhost:27017, type=STANDALONE, state=CONNECTED, ok=true, minWireVersion=0, maxWireVersion=21, maxDocumentSize=16777216, logicalSessionTimeoutMinutes=30, roundTripTimeNanos=2455700}
2024-05-04T18:56:51.704+05:30  INFO 30332 --- [ibm-springboot2-demo] [restartedMain] o.s.b.d.a.OptionalLiveReloadServer       : LiveReload server is running on port 35729
2024-05-04T18:56:52.446+05:30  INFO 30332 --- [ibm-springboot2-demo] [restartedMain] o.s.b.a.w.s.WelcomePageHandlerMapping    : Adding welcome page template: index
2024-05-04T18:56:53.607+05:30  INFO 30332 --- [ibm-springboot2-demo] [restartedMain] o.s.b.a.e.web.EndpointLinksResolver      : Exposing 15 endpoint(s) beneath base path '/actuator'
2024-05-04T18:56:53.679+05:30  INFO 30332 --- [ibm-springboot2-demo] [restartedMain] o.s.b.w.embedded.tomcat.TomcatWebServer  : Tomcat started on port 9090 (http) with context path ''
2024-05-04T18:56:53.695+05:30  INFO 30332 --- [ibm-springboot2-demo] [restartedMain] com.ibm.springboot.demo.App              : Started App in 3.508 seconds (process running for 2864.677)
2024-05-04T18:56:53.697+05:30  INFO 30332 --- [ibm-springboot2-demo] [restartedMain] .ConditionEvaluationDeltaLoggingListener : Condition evaluation unchanged
2024-05-04T19:02:38.851+05:30  INFO 30332 --- [ibm-springboot2-demo] [File Watcher] rtingClassPathChangeChangedEventListener : Restarting due to 1 class path change (0 additions, 0 deletions, 1 modification)
2024-05-04T19:02:38.955+05:30  INFO 30332 --- [ibm-springboot2-demo] [restartedMain] com.ibm.springboot.demo.App              : Starting.....
2024-05-04T19:02:38.955+05:30  WARN 30332 --- [ibm-springboot2-demo] [restartedMain] com.ibm.springboot.demo.App              : It's a warning........
2024-05-04T19:02:38.955+05:30 ERROR 30332 --- [ibm-springboot2-demo] [restartedMain] com.ibm.springboot.demo.App              : It's an error.........
2024-05-04T19:02:39.001+05:30  INFO 30332 --- [ibm-springboot2-demo] [restartedMain] com.ibm.springboot.demo.App              : Starting App using Java 17.0.10 with PID 30332 (C:\Users\KartikKatiyar\Documents\workspace-spring-tool-suite-4-4.22.0.RELEASE\ibm-springboot2-demo\target\classes started by KartikKatiyar in C:\Users\KartikKatiyar\Documents\workspace-spring-tool-suite-4-4.22.0.RELEASE\ibm-springboot2-demo)
2024-05-04T19:02:39.001+05:30  INFO 30332 --- [ibm-springboot2-demo] [restartedMain] com.ibm.springboot.demo.App              : No active profile set, falling back to 1 default profile: "default"
2024-05-04T19:02:39.356+05:30  INFO 30332 --- [ibm-springboot2-demo] [restartedMain] .s.d.r.c.RepositoryConfigurationDelegate : Bootstrapping Spring Data MongoDB repositories in DEFAULT mode.
2024-05-04T19:02:39.370+05:30  INFO 30332 --- [ibm-springboot2-demo] [restartedMain] .s.d.r.c.RepositoryConfigurationDelegate : Finished Spring Data repository scanning in 14 ms. Found 2 MongoDB repository interfaces.
2024-05-04T19:02:39.625+05:30  INFO 30332 --- [ibm-springboot2-demo] [restartedMain] o.s.b.w.embedded.tomcat.TomcatWebServer  : Tomcat initialized with port 9090 (http)
2024-05-04T19:02:39.626+05:30  INFO 30332 --- [ibm-springboot2-demo] [restartedMain] o.apache.catalina.core.StandardService   : Starting service [Tomcat]
2024-05-04T19:02:39.626+05:30  INFO 30332 --- [ibm-springboot2-demo] [restartedMain] o.apache.catalina.core.StandardEngine    : Starting Servlet engine: [Apache Tomcat/10.1.19]
2024-05-04T19:02:39.653+05:30  INFO 30332 --- [ibm-springboot2-demo] [restartedMain] o.a.c.c.C.[Tomcat].[localhost].[/]       : Initializing Spring embedded WebApplicationContext
2024-05-04T19:02:39.653+05:30  INFO 30332 --- [ibm-springboot2-demo] [restartedMain] w.s.c.ServletWebServerApplicationContext : Root WebApplicationContext: initialization completed in 649 ms
2024-05-04T19:02:39.791+05:30  INFO 30332 --- [ibm-springboot2-demo] [restartedMain] f.a.AutowiredAnnotationBeanPostProcessor : Autowired annotation is not supported on static fields: private static final org.slf4j.Logger com.ibm.springboot.demo.App.LOG
2024-05-04T19:02:39.865+05:30  INFO 30332 --- [ibm-springboot2-demo] [restartedMain] org.mongodb.driver.client                : MongoClient with metadata {"driver": {"name": "mongo-java-driver|sync|spring-boot", "version": "4.11.1"}, "os": {"type": "Windows", "name": "Windows 11", "architecture": "amd64", "version": "10.0"}, "platform": "Java/Eclipse Adoptium/17.0.10+7"} created with settings MongoClientSettings{readPreference=primary, writeConcern=WriteConcern{w=null, wTimeout=null ms, journal=null}, retryWrites=true, retryReads=true, readConcern=ReadConcern{level=null}, credential=null, transportSettings=null, streamFactoryFactory=null, commandListeners=[io.micrometer.core.instrument.binder.mongodb.MongoMetricsCommandListener@1fb6cd15], codecRegistry=ProvidersCodecRegistry{codecProviders=[ValueCodecProvider{}, BsonValueCodecProvider{}, DBRefCodecProvider{}, DBObjectCodecProvider{}, DocumentCodecProvider{}, CollectionCodecProvider{}, IterableCodecProvider{}, MapCodecProvider{}, GeoJsonCodecProvider{}, GridFSFileCodecProvider{}, Jsr310CodecProvider{}, JsonObjectCodecProvider{}, BsonCodecProvider{}, EnumCodecProvider{}, com.mongodb.client.model.mql.ExpressionCodecProvider@3b7fe531, com.mongodb.Jep395RecordCodecProvider@13c71990, com.mongodb.KotlinCodecProvider@5dda91f8]}, loggerSettings=LoggerSettings{maxDocumentLength=1000}, clusterSettings={hosts=[localhost:27017], srvServiceName=mongodb, mode=SINGLE, requiredClusterType=UNKNOWN, requiredReplicaSetName='null', serverSelector='null', clusterListeners='[]', serverSelectionTimeout='30000 ms', localThreshold='15 ms'}, socketSettings=SocketSettings{connectTimeoutMS=10000, readTimeoutMS=0, receiveBufferSize=0, proxySettings=ProxySettings{host=null, port=null, username=null, password=null}}, heartbeatSocketSettings=SocketSettings{connectTimeoutMS=10000, readTimeoutMS=10000, receiveBufferSize=0, proxySettings=ProxySettings{host=null, port=null, username=null, password=null}}, connectionPoolSettings=ConnectionPoolSettings{maxSize=100, minSize=0, maxWaitTimeMS=120000, maxConnectionLifeTimeMS=0, maxConnectionIdleTimeMS=0, maintenanceInitialDelayMS=0, maintenanceFrequencyMS=60000, connectionPoolListeners=[io.micrometer.core.instrument.binder.mongodb.MongoMetricsConnectionPoolListener@461a5eaa], maxConnecting=2}, serverSettings=ServerSettings{heartbeatFrequencyMS=10000, minHeartbeatFrequencyMS=500, serverListeners='[]', serverMonitorListeners='[]'}, sslSettings=SslSettings{enabled=false, invalidHostNameAllowed=false, context=null}, applicationName='null', compressorList=[], uuidRepresentation=JAVA_LEGACY, serverApi=null, autoEncryptionSettings=null, dnsClient=null, inetAddressResolver=null, contextProvider=null}
2024-05-04T19:02:39.868+05:30  INFO 30332 --- [ibm-springboot2-demo] [cluster-ClusterId{value='663638f7aacb49367e4acb48', description='null'}-localhost:27017] org.mongodb.driver.cluster               : Monitor thread successfully connected to server with description ServerDescription{address=localhost:27017, type=STANDALONE, state=CONNECTED, ok=true, minWireVersion=0, maxWireVersion=21, maxDocumentSize=16777216, logicalSessionTimeoutMinutes=30, roundTripTimeNanos=1260800}
2024-05-04T19:02:39.981+05:30  INFO 30332 --- [ibm-springboot2-demo] [restartedMain] o.s.b.d.a.OptionalLiveReloadServer       : LiveReload server is running on port 35729
2024-05-04T19:02:40.618+05:30  INFO 30332 --- [ibm-springboot2-demo] [restartedMain] o.s.b.a.w.s.WelcomePageHandlerMapping    : Adding welcome page template: index
2024-05-04T19:02:41.734+05:30  INFO 30332 --- [ibm-springboot2-demo] [restartedMain] o.s.b.a.e.web.EndpointLinksResolver      : Exposing 15 endpoint(s) beneath base path '/actuator'
2024-05-04T19:02:41.800+05:30  INFO 30332 --- [ibm-springboot2-demo] [restartedMain] o.s.b.w.embedded.tomcat.TomcatWebServer  : Tomcat started on port 9090 (http) with context path ''
2024-05-04T19:02:41.813+05:30  INFO 30332 --- [ibm-springboot2-demo] [restartedMain] com.ibm.springboot.demo.App              : Started App in 2.849 seconds (process running for 3212.796)
2024-05-04T19:02:41.816+05:30  INFO 30332 --- [ibm-springboot2-demo] [restartedMain] .ConditionEvaluationDeltaLoggingListener : Condition evaluation unchanged
2024-05-04T19:03:48.318+05:30  INFO 30332 --- [ibm-springboot2-demo] [File Watcher] rtingClassPathChangeChangedEventListener : Restarting due to 1 class path change (0 additions, 0 deletions, 1 modification)
2024-05-04T19:03:48.432+05:30  INFO 30332 --- [ibm-springboot2-demo] [restartedMain] com.ibm.springboot.demo.App              : Starting.....
2024-05-04T19:03:48.433+05:30  WARN 30332 --- [ibm-springboot2-demo] [restartedMain] com.ibm.springboot.demo.App              : It's a warning........
2024-05-04T19:03:48.433+05:30 ERROR 30332 --- [ibm-springboot2-demo] [restartedMain] com.ibm.springboot.demo.App              : It's an error.........
2024-05-04T19:03:48.472+05:30  INFO 30332 --- [ibm-springboot2-demo] [restartedMain] com.ibm.springboot.demo.App              : Starting App using Java 17.0.10 with PID 30332 (C:\Users\KartikKatiyar\Documents\workspace-spring-tool-suite-4-4.22.0.RELEASE\ibm-springboot2-demo\target\classes started by KartikKatiyar in C:\Users\KartikKatiyar\Documents\workspace-spring-tool-suite-4-4.22.0.RELEASE\ibm-springboot2-demo)
2024-05-04T19:03:48.473+05:30  INFO 30332 --- [ibm-springboot2-demo] [restartedMain] com.ibm.springboot.demo.App              : No active profile set, falling back to 1 default profile: "default"
2024-05-04T19:03:48.841+05:30  INFO 30332 --- [ibm-springboot2-demo] [restartedMain] .s.d.r.c.RepositoryConfigurationDelegate : Bootstrapping Spring Data MongoDB repositories in DEFAULT mode.
2024-05-04T19:03:48.857+05:30  INFO 30332 --- [ibm-springboot2-demo] [restartedMain] .s.d.r.c.RepositoryConfigurationDelegate : Finished Spring Data repository scanning in 15 ms. Found 2 MongoDB repository interfaces.
2024-05-04T19:03:49.157+05:30  INFO 30332 --- [ibm-springboot2-demo] [restartedMain] o.s.b.w.embedded.tomcat.TomcatWebServer  : Tomcat initialized with port 9090 (http)
2024-05-04T19:03:49.157+05:30  INFO 30332 --- [ibm-springboot2-demo] [restartedMain] o.apache.catalina.core.StandardService   : Starting service [Tomcat]
2024-05-04T19:03:49.158+05:30  INFO 30332 --- [ibm-springboot2-demo] [restartedMain] o.apache.catalina.core.StandardEngine    : Starting Servlet engine: [Apache Tomcat/10.1.19]
2024-05-04T19:03:49.179+05:30  INFO 30332 --- [ibm-springboot2-demo] [restartedMain] o.a.c.c.C.[Tomcat].[localhost].[/]       : Initializing Spring embedded WebApplicationContext
2024-05-04T19:03:49.179+05:30  INFO 30332 --- [ibm-springboot2-demo] [restartedMain] w.s.c.ServletWebServerApplicationContext : Root WebApplicationContext: initialization completed in 702 ms
2024-05-04T19:03:49.435+05:30  INFO 30332 --- [ibm-springboot2-demo] [restartedMain] f.a.AutowiredAnnotationBeanPostProcessor : Autowired annotation is not supported on static fields: private static final org.slf4j.Logger com.ibm.springboot.demo.App.LOG
2024-05-04T19:03:49.528+05:30  INFO 30332 --- [ibm-springboot2-demo] [restartedMain] org.mongodb.driver.client                : MongoClient with metadata {"driver": {"name": "mongo-java-driver|sync|spring-boot", "version": "4.11.1"}, "os": {"type": "Windows", "name": "Windows 11", "architecture": "amd64", "version": "10.0"}, "platform": "Java/Eclipse Adoptium/17.0.10+7"} created with settings MongoClientSettings{readPreference=primary, writeConcern=WriteConcern{w=null, wTimeout=null ms, journal=null}, retryWrites=true, retryReads=true, readConcern=ReadConcern{level=null}, credential=null, transportSettings=null, streamFactoryFactory=null, commandListeners=[io.micrometer.core.instrument.binder.mongodb.MongoMetricsCommandListener@2ca6ca7e], codecRegistry=ProvidersCodecRegistry{codecProviders=[ValueCodecProvider{}, BsonValueCodecProvider{}, DBRefCodecProvider{}, DBObjectCodecProvider{}, DocumentCodecProvider{}, CollectionCodecProvider{}, IterableCodecProvider{}, MapCodecProvider{}, GeoJsonCodecProvider{}, GridFSFileCodecProvider{}, Jsr310CodecProvider{}, JsonObjectCodecProvider{}, BsonCodecProvider{}, EnumCodecProvider{}, com.mongodb.client.model.mql.ExpressionCodecProvider@3b7fe531, com.mongodb.Jep395RecordCodecProvider@13c71990, com.mongodb.KotlinCodecProvider@5dda91f8]}, loggerSettings=LoggerSettings{maxDocumentLength=1000}, clusterSettings={hosts=[localhost:27017], srvServiceName=mongodb, mode=SINGLE, requiredClusterType=UNKNOWN, requiredReplicaSetName='null', serverSelector='null', clusterListeners='[]', serverSelectionTimeout='30000 ms', localThreshold='15 ms'}, socketSettings=SocketSettings{connectTimeoutMS=10000, readTimeoutMS=0, receiveBufferSize=0, proxySettings=ProxySettings{host=null, port=null, username=null, password=null}}, heartbeatSocketSettings=SocketSettings{connectTimeoutMS=10000, readTimeoutMS=10000, receiveBufferSize=0, proxySettings=ProxySettings{host=null, port=null, username=null, password=null}}, connectionPoolSettings=ConnectionPoolSettings{maxSize=100, minSize=0, maxWaitTimeMS=120000, maxConnectionLifeTimeMS=0, maxConnectionIdleTimeMS=0, maintenanceInitialDelayMS=0, maintenanceFrequencyMS=60000, connectionPoolListeners=[io.micrometer.core.instrument.binder.mongodb.MongoMetricsConnectionPoolListener@7dc2e70f], maxConnecting=2}, serverSettings=ServerSettings{heartbeatFrequencyMS=10000, minHeartbeatFrequencyMS=500, serverListeners='[]', serverMonitorListeners='[]'}, sslSettings=SslSettings{enabled=false, invalidHostNameAllowed=false, context=null}, applicationName='null', compressorList=[], uuidRepresentation=JAVA_LEGACY, serverApi=null, autoEncryptionSettings=null, dnsClient=null, inetAddressResolver=null, contextProvider=null}
2024-05-04T19:03:49.531+05:30  INFO 30332 --- [ibm-springboot2-demo] [cluster-ClusterId{value='6636393daacb49367e4acb49', description='null'}-localhost:27017] org.mongodb.driver.cluster               : Monitor thread successfully connected to server with description ServerDescription{address=localhost:27017, type=STANDALONE, state=CONNECTED, ok=true, minWireVersion=0, maxWireVersion=21, maxDocumentSize=16777216, logicalSessionTimeoutMinutes=30, roundTripTimeNanos=1616500}
2024-05-04T19:03:49.642+05:30  INFO 30332 --- [ibm-springboot2-demo] [restartedMain] o.s.b.d.a.OptionalLiveReloadServer       : LiveReload server is running on port 35729
2024-05-04T19:03:50.303+05:30  INFO 30332 --- [ibm-springboot2-demo] [restartedMain] o.s.b.a.w.s.WelcomePageHandlerMapping    : Adding welcome page template: index
2024-05-04T19:03:51.299+05:30  INFO 30332 --- [ibm-springboot2-demo] [restartedMain] o.s.b.a.e.web.EndpointLinksResolver      : Exposing 15 endpoint(s) beneath base path '/actuator'
2024-05-04T19:03:51.334+05:30  INFO 30332 --- [ibm-springboot2-demo] [restartedMain] o.s.b.w.embedded.tomcat.TomcatWebServer  : Tomcat started on port 9090 (http) with context path ''
2024-05-04T19:03:51.344+05:30  INFO 30332 --- [ibm-springboot2-demo] [restartedMain] com.ibm.springboot.demo.App              : Started App in 2.905 seconds (process running for 3282.326)
2024-05-04T19:03:51.347+05:30  INFO 30332 --- [ibm-springboot2-demo] [restartedMain] .ConditionEvaluationDeltaLoggingListener : Condition evaluation unchanged
2024-05-04T19:04:03.203+05:30  INFO 30332 --- [ibm-springboot2-demo] [File Watcher] rtingClassPathChangeChangedEventListener : Restarting due to 1 class path change (0 additions, 0 deletions, 1 modification)
2024-05-04T19:04:03.300+05:30  INFO 30332 --- [ibm-springboot2-demo] [restartedMain] com.ibm.springboot.demo.App              : Starting.....
2024-05-04T19:04:03.300+05:30  WARN 30332 --- [ibm-springboot2-demo] [restartedMain] com.ibm.springboot.demo.App              : It's a warning........
2024-05-04T19:04:03.300+05:30 ERROR 30332 --- [ibm-springboot2-demo] [restartedMain] com.ibm.springboot.demo.App              : It's an error.........
2024-05-04T19:04:03.337+05:30  INFO 30332 --- [ibm-springboot2-demo] [restartedMain] com.ibm.springboot.demo.App              : Starting App using Java 17.0.10 with PID 30332 (C:\Users\KartikKatiyar\Documents\workspace-spring-tool-suite-4-4.22.0.RELEASE\ibm-springboot2-demo\target\classes started by KartikKatiyar in C:\Users\KartikKatiyar\Documents\workspace-spring-tool-suite-4-4.22.0.RELEASE\ibm-springboot2-demo)
2024-05-04T19:04:03.338+05:30  INFO 30332 --- [ibm-springboot2-demo] [restartedMain] com.ibm.springboot.demo.App              : No active profile set, falling back to 1 default profile: "default"
2024-05-04T19:04:03.693+05:30  INFO 30332 --- [ibm-springboot2-demo] [restartedMain] .s.d.r.c.RepositoryConfigurationDelegate : Bootstrapping Spring Data MongoDB repositories in DEFAULT mode.
2024-05-04T19:04:03.712+05:30  INFO 30332 --- [ibm-springboot2-demo] [restartedMain] .s.d.r.c.RepositoryConfigurationDelegate : Finished Spring Data repository scanning in 18 ms. Found 2 MongoDB repository interfaces.
2024-05-04T19:04:03.969+05:30  INFO 30332 --- [ibm-springboot2-demo] [restartedMain] o.s.b.w.embedded.tomcat.TomcatWebServer  : Tomcat initialized with port 9090 (http)
2024-05-04T19:04:03.969+05:30  INFO 30332 --- [ibm-springboot2-demo] [restartedMain] o.apache.catalina.core.StandardService   : Starting service [Tomcat]
2024-05-04T19:04:03.970+05:30  INFO 30332 --- [ibm-springboot2-demo] [restartedMain] o.apache.catalina.core.StandardEngine    : Starting Servlet engine: [Apache Tomcat/10.1.19]
2024-05-04T19:04:04.001+05:30  INFO 30332 --- [ibm-springboot2-demo] [restartedMain] o.a.c.c.C.[Tomcat].[localhost].[/]       : Initializing Spring embedded WebApplicationContext
2024-05-04T19:04:04.002+05:30  INFO 30332 --- [ibm-springboot2-demo] [restartedMain] w.s.c.ServletWebServerApplicationContext : Root WebApplicationContext: initialization completed in 663 ms
2024-05-04T19:04:04.159+05:30  INFO 30332 --- [ibm-springboot2-demo] [restartedMain] f.a.AutowiredAnnotationBeanPostProcessor : Autowired annotation is not supported on static fields: private static final org.slf4j.Logger com.ibm.springboot.demo.App.LOG
2024-05-04T19:04:04.303+05:30  INFO 30332 --- [ibm-springboot2-demo] [restartedMain] org.mongodb.driver.client                : MongoClient with metadata {"driver": {"name": "mongo-java-driver|sync|spring-boot", "version": "4.11.1"}, "os": {"type": "Windows", "name": "Windows 11", "architecture": "amd64", "version": "10.0"}, "platform": "Java/Eclipse Adoptium/17.0.10+7"} created with settings MongoClientSettings{readPreference=primary, writeConcern=WriteConcern{w=null, wTimeout=null ms, journal=null}, retryWrites=true, retryReads=true, readConcern=ReadConcern{level=null}, credential=null, transportSettings=null, streamFactoryFactory=null, commandListeners=[io.micrometer.core.instrument.binder.mongodb.MongoMetricsCommandListener@2ff23ce7], codecRegistry=ProvidersCodecRegistry{codecProviders=[ValueCodecProvider{}, BsonValueCodecProvider{}, DBRefCodecProvider{}, DBObjectCodecProvider{}, DocumentCodecProvider{}, CollectionCodecProvider{}, IterableCodecProvider{}, MapCodecProvider{}, GeoJsonCodecProvider{}, GridFSFileCodecProvider{}, Jsr310CodecProvider{}, JsonObjectCodecProvider{}, BsonCodecProvider{}, EnumCodecProvider{}, com.mongodb.client.model.mql.ExpressionCodecProvider@3b7fe531, com.mongodb.Jep395RecordCodecProvider@13c71990, com.mongodb.KotlinCodecProvider@5dda91f8]}, loggerSettings=LoggerSettings{maxDocumentLength=1000}, clusterSettings={hosts=[localhost:27017], srvServiceName=mongodb, mode=SINGLE, requiredClusterType=UNKNOWN, requiredReplicaSetName='null', serverSelector='null', clusterListeners='[]', serverSelectionTimeout='30000 ms', localThreshold='15 ms'}, socketSettings=SocketSettings{connectTimeoutMS=10000, readTimeoutMS=0, receiveBufferSize=0, proxySettings=ProxySettings{host=null, port=null, username=null, password=null}}, heartbeatSocketSettings=SocketSettings{connectTimeoutMS=10000, readTimeoutMS=10000, receiveBufferSize=0, proxySettings=ProxySettings{host=null, port=null, username=null, password=null}}, connectionPoolSettings=ConnectionPoolSettings{maxSize=100, minSize=0, maxWaitTimeMS=120000, maxConnectionLifeTimeMS=0, maxConnectionIdleTimeMS=0, maintenanceInitialDelayMS=0, maintenanceFrequencyMS=60000, connectionPoolListeners=[io.micrometer.core.instrument.binder.mongodb.MongoMetricsConnectionPoolListener@2bfdf757], maxConnecting=2}, serverSettings=ServerSettings{heartbeatFrequencyMS=10000, minHeartbeatFrequencyMS=500, serverListeners='[]', serverMonitorListeners='[]'}, sslSettings=SslSettings{enabled=false, invalidHostNameAllowed=false, context=null}, applicationName='null', compressorList=[], uuidRepresentation=JAVA_LEGACY, serverApi=null, autoEncryptionSettings=null, dnsClient=null, inetAddressResolver=null, contextProvider=null}
2024-05-04T19:04:04.308+05:30  INFO 30332 --- [ibm-springboot2-demo] [cluster-ClusterId{value='6636394caacb49367e4acb4a', description='null'}-localhost:27017] org.mongodb.driver.cluster               : Monitor thread successfully connected to server with description ServerDescription{address=localhost:27017, type=STANDALONE, state=CONNECTED, ok=true, minWireVersion=0, maxWireVersion=21, maxDocumentSize=16777216, logicalSessionTimeoutMinutes=30, roundTripTimeNanos=4425900}
2024-05-04T19:04:04.438+05:30  INFO 30332 --- [ibm-springboot2-demo] [restartedMain] o.s.b.d.a.OptionalLiveReloadServer       : LiveReload server is running on port 35729
2024-05-04T19:04:05.089+05:30  INFO 30332 --- [ibm-springboot2-demo] [restartedMain] o.s.b.a.w.s.WelcomePageHandlerMapping    : Adding welcome page template: index
2024-05-04T19:04:06.031+05:30  INFO 30332 --- [ibm-springboot2-demo] [restartedMain] o.s.b.a.e.web.EndpointLinksResolver      : Exposing 15 endpoint(s) beneath base path '/actuator'
2024-05-04T19:04:06.092+05:30  INFO 30332 --- [ibm-springboot2-demo] [restartedMain] o.s.b.w.embedded.tomcat.TomcatWebServer  : Tomcat started on port 9090 (http) with context path ''
2024-05-04T19:04:06.103+05:30  INFO 30332 --- [ibm-springboot2-demo] [restartedMain] com.ibm.springboot.demo.App              : Started App in 2.794 seconds (process running for 3297.085)
2024-05-04T19:04:06.104+05:30  INFO 30332 --- [ibm-springboot2-demo] [restartedMain] .ConditionEvaluationDeltaLoggingListener : Condition evaluation unchanged
2024-05-04T19:04:36.906+05:30  INFO 30332 --- [ibm-springboot2-demo] [File Watcher] rtingClassPathChangeChangedEventListener : Restarting due to 1 class path change (0 additions, 0 deletions, 1 modification)
2024-05-04T19:04:37.002+05:30  INFO 30332 --- [ibm-springboot2-demo] [restartedMain] com.ibm.springboot.demo.App              : Starting.....
2024-05-04T19:04:37.002+05:30  WARN 30332 --- [ibm-springboot2-demo] [restartedMain] com.ibm.springboot.demo.App              : It's a warning........
2024-05-04T19:04:37.002+05:30 ERROR 30332 --- [ibm-springboot2-demo] [restartedMain] com.ibm.springboot.demo.App              : It's an error.........
2024-05-04T19:04:37.040+05:30  INFO 30332 --- [ibm-springboot2-demo] [restartedMain] com.ibm.springboot.demo.App              : Starting App using Java 17.0.10 with PID 30332 (C:\Users\KartikKatiyar\Documents\workspace-spring-tool-suite-4-4.22.0.RELEASE\ibm-springboot2-demo\target\classes started by KartikKatiyar in C:\Users\KartikKatiyar\Documents\workspace-spring-tool-suite-4-4.22.0.RELEASE\ibm-springboot2-demo)
2024-05-04T19:04:37.040+05:30  INFO 30332 --- [ibm-springboot2-demo] [restartedMain] com.ibm.springboot.demo.App              : No active profile set, falling back to 1 default profile: "default"
2024-05-04T19:04:37.407+05:30  INFO 30332 --- [ibm-springboot2-demo] [restartedMain] .s.d.r.c.RepositoryConfigurationDelegate : Bootstrapping Spring Data MongoDB repositories in DEFAULT mode.
2024-05-04T19:04:37.421+05:30  INFO 30332 --- [ibm-springboot2-demo] [restartedMain] .s.d.r.c.RepositoryConfigurationDelegate : Finished Spring Data repository scanning in 13 ms. Found 2 MongoDB repository interfaces.
2024-05-04T19:04:37.672+05:30  INFO 30332 --- [ibm-springboot2-demo] [restartedMain] o.s.b.w.embedded.tomcat.TomcatWebServer  : Tomcat initialized with port 9090 (http)
2024-05-04T19:04:37.673+05:30  INFO 30332 --- [ibm-springboot2-demo] [restartedMain] o.apache.catalina.core.StandardService   : Starting service [Tomcat]
2024-05-04T19:04:37.673+05:30  INFO 30332 --- [ibm-springboot2-demo] [restartedMain] o.apache.catalina.core.StandardEngine    : Starting Servlet engine: [Apache Tomcat/10.1.19]
2024-05-04T19:04:37.695+05:30  INFO 30332 --- [ibm-springboot2-demo] [restartedMain] o.a.c.c.C.[Tomcat].[localhost].[/]       : Initializing Spring embedded WebApplicationContext
2024-05-04T19:04:37.695+05:30  INFO 30332 --- [ibm-springboot2-demo] [restartedMain] w.s.c.ServletWebServerApplicationContext : Root WebApplicationContext: initialization completed in 651 ms
2024-05-04T19:04:37.898+05:30  INFO 30332 --- [ibm-springboot2-demo] [restartedMain] f.a.AutowiredAnnotationBeanPostProcessor : Autowired annotation is not supported on static fields: private static final org.slf4j.Logger com.ibm.springboot.demo.App.LOG
2024-05-04T19:04:37.974+05:30  INFO 30332 --- [ibm-springboot2-demo] [restartedMain] org.mongodb.driver.client                : MongoClient with metadata {"driver": {"name": "mongo-java-driver|sync|spring-boot", "version": "4.11.1"}, "os": {"type": "Windows", "name": "Windows 11", "architecture": "amd64", "version": "10.0"}, "platform": "Java/Eclipse Adoptium/17.0.10+7"} created with settings MongoClientSettings{readPreference=primary, writeConcern=WriteConcern{w=null, wTimeout=null ms, journal=null}, retryWrites=true, retryReads=true, readConcern=ReadConcern{level=null}, credential=null, transportSettings=null, streamFactoryFactory=null, commandListeners=[io.micrometer.core.instrument.binder.mongodb.MongoMetricsCommandListener@57c4d601], codecRegistry=ProvidersCodecRegistry{codecProviders=[ValueCodecProvider{}, BsonValueCodecProvider{}, DBRefCodecProvider{}, DBObjectCodecProvider{}, DocumentCodecProvider{}, CollectionCodecProvider{}, IterableCodecProvider{}, MapCodecProvider{}, GeoJsonCodecProvider{}, GridFSFileCodecProvider{}, Jsr310CodecProvider{}, JsonObjectCodecProvider{}, BsonCodecProvider{}, EnumCodecProvider{}, com.mongodb.client.model.mql.ExpressionCodecProvider@3b7fe531, com.mongodb.Jep395RecordCodecProvider@13c71990, com.mongodb.KotlinCodecProvider@5dda91f8]}, loggerSettings=LoggerSettings{maxDocumentLength=1000}, clusterSettings={hosts=[localhost:27017], srvServiceName=mongodb, mode=SINGLE, requiredClusterType=UNKNOWN, requiredReplicaSetName='null', serverSelector='null', clusterListeners='[]', serverSelectionTimeout='30000 ms', localThreshold='15 ms'}, socketSettings=SocketSettings{connectTimeoutMS=10000, readTimeoutMS=0, receiveBufferSize=0, proxySettings=ProxySettings{host=null, port=null, username=null, password=null}}, heartbeatSocketSettings=SocketSettings{connectTimeoutMS=10000, readTimeoutMS=10000, receiveBufferSize=0, proxySettings=ProxySettings{host=null, port=null, username=null, password=null}}, connectionPoolSettings=ConnectionPoolSettings{maxSize=100, minSize=0, maxWaitTimeMS=120000, maxConnectionLifeTimeMS=0, maxConnectionIdleTimeMS=0, maintenanceInitialDelayMS=0, maintenanceFrequencyMS=60000, connectionPoolListeners=[io.micrometer.core.instrument.binder.mongodb.MongoMetricsConnectionPoolListener@25a4b040], maxConnecting=2}, serverSettings=ServerSettings{heartbeatFrequencyMS=10000, minHeartbeatFrequencyMS=500, serverListeners='[]', serverMonitorListeners='[]'}, sslSettings=SslSettings{enabled=false, invalidHostNameAllowed=false, context=null}, applicationName='null', compressorList=[], uuidRepresentation=JAVA_LEGACY, serverApi=null, autoEncryptionSettings=null, dnsClient=null, inetAddressResolver=null, contextProvider=null}
2024-05-04T19:04:38.024+05:30  INFO 30332 --- [ibm-springboot2-demo] [cluster-ClusterId{value='6636396daacb49367e4acb4b', description='null'}-localhost:27017] org.mongodb.driver.cluster               : Monitor thread successfully connected to server with description ServerDescription{address=localhost:27017, type=STANDALONE, state=CONNECTED, ok=true, minWireVersion=0, maxWireVersion=21, maxDocumentSize=16777216, logicalSessionTimeoutMinutes=30, roundTripTimeNanos=49287000}
2024-05-04T19:04:38.089+05:30  INFO 30332 --- [ibm-springboot2-demo] [restartedMain] o.s.b.d.a.OptionalLiveReloadServer       : LiveReload server is running on port 35729
2024-05-04T19:04:38.736+05:30  INFO 30332 --- [ibm-springboot2-demo] [restartedMain] o.s.b.a.w.s.WelcomePageHandlerMapping    : Adding welcome page template: index
2024-05-04T19:04:39.767+05:30  INFO 30332 --- [ibm-springboot2-demo] [restartedMain] o.s.b.a.e.web.EndpointLinksResolver      : Exposing 15 endpoint(s) beneath base path '/actuator'
2024-05-04T19:04:39.804+05:30  INFO 30332 --- [ibm-springboot2-demo] [restartedMain] o.s.b.w.embedded.tomcat.TomcatWebServer  : Tomcat started on port 9090 (http) with context path ''
2024-05-04T19:04:39.825+05:30  INFO 30332 --- [ibm-springboot2-demo] [restartedMain] com.ibm.springboot.demo.App              : Started App in 2.815 seconds (process running for 3330.808)
2024-05-04T19:04:39.828+05:30  INFO 30332 --- [ibm-springboot2-demo] [restartedMain] .ConditionEvaluationDeltaLoggingListener : Condition evaluation unchanged
